<?xml version="1.0" encoding="UTF-8"?>
<testsuite name="tetris.DropTests" tests="1" skipped="0" failures="0" errors="0" timestamp="2023-10-01T17:07:44" hostname="DESKTOP-FBIJT05" time="0.035">
  <properties/>
  <testcase name="testDrop" classname="tetris.DropTests" time="0.035"/>
  <system-out><![CDATA[CAN SPAWN?: true
CAN SPAWN?: true
CAN SPAWN?: true
CAN SPAWN?: true
CAN SPAWN?: true
CAN SPAWN?: true
]]></system-out>
  <system-err><![CDATA[]]></system-err>
</testsuite>
