<?xml version="1.0" encoding="UTF-8"?>
<testsuite name="tetris.SpawnTests" tests="2" skipped="0" failures="0" errors="0" timestamp="2023-10-01T17:07:44" hostname="DESKTOP-FBIJT05" time="0.007">
  <properties/>
  <testcase name="testSpawn" classname="tetris.SpawnTests" time="0.003"/>
  <testcase name="testSpawn2" classname="tetris.SpawnTests" time="0.004"/>
  <system-out><![CDATA[CAN SPAWN?: true
CAN SPAWN?: true
CAN SPAWN?: true
CAN SPAWN?: true
]]></system-out>
  <system-err><![CDATA[]]></system-err>
</testsuite>
