<?xml version="1.0" encoding="UTF-8"?>
<testsuite name="tetris.MovementTests" tests="2" skipped="0" failures="0" errors="0" timestamp="2023-10-01T15:08:33" hostname="DESKTOP-FBIJT05" time="0.029">
  <properties/>
  <testcase name="testMovement" classname="tetris.MovementTests" time="0.021"/>
  <testcase name="testMovement2" classname="tetris.MovementTests" time="0.008"/>
  <system-out><![CDATA[]]></system-out>
  <system-err><![CDATA[]]></system-err>
</testsuite>
