<?xml version="1.0" encoding="UTF-8"?>
<testsuite name="tetris.RotateBackToStartTests" tests="4" skipped="0" failures="0" errors="0" timestamp="2023-10-01T15:08:33" hostname="DESKTOP-FBIJT05" time="0.014">
  <properties/>
  <testcase name="testRotate360" classname="tetris.RotateBackToStartTests" time="0.003"/>
  <testcase name="testRotate360CC" classname="tetris.RotateBackToStartTests" time="0.003"/>
  <testcase name="testRotateLeftRight" classname="tetris.RotateBackToStartTests" time="0.002"/>
  <testcase name="testRotateRightLeft" classname="tetris.RotateBackToStartTests" time="0.004"/>
  <system-out><![CDATA[]]></system-out>
  <system-err><![CDATA[]]></system-err>
</testsuite>
