<?xml version="1.0" encoding="UTF-8"?>
<testsuite name="tetris.RotationTests" tests="7" skipped="0" failures="0" errors="0" timestamp="2023-10-01T15:08:33" hostname="DESKTOP-FBIJT05" time="0.044">
  <properties/>
  <testcase name="testIRotations" classname="tetris.RotationTests" time="0.013"/>
  <testcase name="testJRotations" classname="tetris.RotationTests" time="0.003"/>
  <testcase name="testLRotations" classname="tetris.RotationTests" time="0.012"/>
  <testcase name="testORotations" classname="tetris.RotationTests" time="0.003"/>
  <testcase name="testSRotations" classname="tetris.RotationTests" time="0.003"/>
  <testcase name="testTRotations" classname="tetris.RotationTests" time="0.003"/>
  <testcase name="testZRotations" classname="tetris.RotationTests" time="0.003"/>
  <system-out><![CDATA[]]></system-out>
  <system-err><![CDATA[]]></system-err>
</testsuite>
